<?xml version="1.0" encoding="UTF-8"?>
<!-- Generated by org.testng.reporters.JUnitXMLReporter -->
<testsuite ignored="0" hostname="LAPTOP-CTGQJNSI" failures="0" tests="11" name="Default test" time="0.08" errors="0" timestamp="2024-07-17T01:35:13 IST">
  <testcase classname="Dataprovider.student" name="Amity" time="0.008"/>
  <testcase classname="Dataprovider.student" name="Amity" time="0.002"/>
  <testcase classname="Dataprovider.student" name="Amity" time="0.002"/>
  <testcase classname="Dataprovider.student" name="Lala" time="0.003"/>
  <testcase classname="Dataprovider.student" name="Siya" time="0.001"/>
  <testcase classname="Dataprovider.Test2" name="English" time="0.001"/>
  <testcase classname="Dataprovider.Test2" name="Hindi" time="0.001"/>
  <testcase classname="Dataprovider.Test2" name="Marathi" time="0.001"/>
  <testcase classname="Dataprovider.Test1" name="Geography" time="0.001"/>
  <testcase classname="Dataprovider.Test1" name="History" time="0.001"/>
  <testcase classname="Dataprovider.Test1" name="Science" time="0.001"/>
</testsuite> <!-- Default test -->
