<?xml version="1.0" encoding="UTF-8"?>
<!-- Generated by org.testng.reporters.JUnitXMLReporter -->
<testsuite ignored="2" hostname="LAPTOP-CTGQJNSI" failures="0" tests="1" name="bank" time="0.004" errors="0" timestamp="2024-07-04T01:01:39 IST">
  <testcase classname="Exercises.Demo2" name="saving" time="0.001"/>
  <testcase classname="Exercises.Demo2" name="bank" time="0.0">
    <ignored/>
  </testcase> <!-- bank -->
  <testcase classname="Exercises.Demo2" name="current" time="0.0">
    <ignored/>
  </testcase> <!-- current -->
</testsuite> <!-- bank -->
