<?xml version="1.0" encoding="UTF-8"?>
<!-- Generated by org.testng.reporters.JUnitXMLReporter -->
<testsuite ignored="1" hostname="LAPTOP-CTGQJNSI" failures="0" tests="3" name="FruitName" time="0.016" errors="0" timestamp="2024-07-12T00:51:27 IST">
  <testcase classname="Exercises.Demo4" name="Mango" time="0.005"/>
  <testcase classname="Exercises.Demo4" name="Peas" time="0.002"/>
  <testcase classname="Exercises.Demo4" name="banana" time="0.001"/>
  <testcase classname="Exercises.Demo4" name="Apple" time="0.0">
    <ignored/>
  </testcase> <!-- Apple -->
</testsuite> <!-- FruitName -->
