<?xml version="1.0" encoding="UTF-8"?>
<!-- Generated by org.testng.reporters.JUnitXMLReporter -->
<testsuite ignored="1" hostname="LAPTOP-CTGQJNSI" failures="1" tests="14" name="Test" time="0.11" errors="0" timestamp="2024-07-17T01:35:59 IST">
  <testcase classname="Dataprovider.Test2" name="English" time="0.009"/>
  <testcase classname="Dataprovider.Test2" name="Hindi" time="0.001"/>
  <testcase classname="Dataprovider.Test2" name="Marathi" time="0.002"/>
  <testcase classname="Dataprovider.Test1" name="Geography" time="0.001"/>
  <testcase classname="Dataprovider.Test1" name="History" time="0.001"/>
  <testcase classname="Dataprovider.Test1" name="Science" time="0.001"/>
  <testcase classname="Exercises.Demo4" name="Mango" time="0.006"/>
  <testcase classname="Exercises.Demo4" name="Peas" time="0.0">
    <failure type="org.testng.TestNGException" message="
Parameter &amp;apos;url&amp;apos; is required by @Test on method Peas but has not been marked @Optional or defined
in C:\Users\Amit Bind\eclipse-workspace\TestNG\testng.xml">
      <![CDATA[org.testng.TestNGException: 
Parameter 'url' is required by @Test on method Peas but has not been marked @Optional or defined
in C:\Users\Amit Bind\eclipse-workspace\TestNG\testng.xml
at java.base/java.util.ArrayList.forEach(ArrayList.java:1511)
... Removed 26 stack frames]]>
    </failure>
  </testcase> <!-- Peas -->
  <testcase classname="Exercises.Demo4" name="banana" time="0.001"/>
  <testcase classname="Dataprovider.student" name="Amity" time="0.003"/>
  <testcase classname="Dataprovider.student" name="Amity" time="0.001"/>
  <testcase classname="Dataprovider.student" name="Amity" time="0.001"/>
  <testcase classname="Dataprovider.student" name="Lala" time="0.001"/>
  <testcase classname="Dataprovider.student" name="Siya" time="0.001"/>
  <testcase classname="Exercises.Demo4" name="Apple" time="0.0">
    <ignored/>
  </testcase> <!-- Apple -->
</testsuite> <!-- Test -->
